[0.321s] Invoking command in '/home/han/intel_robot_1_ws/src/my_stepper_pkg': PYTHONPATH=/home/han/intel_robot_1_ws/build/my_stepper_pkg/prefix_override:/usr/lib/python3/dist-packages/colcon_core/task/python/colcon_distutils_commands:/home/han/intel_robot_1_ws/install/my_stepper_pkg/lib/python3.10/site-packages: /usr/bin/python3 -W ignore:setup.py install is deprecated -W ignore:easy_install command is deprecated setup.py egg_info --egg-base ../../build/my_stepper_pkg build --build-base /home/han/intel_robot_1_ws/build/my_stepper_pkg/build install --record /home/han/intel_robot_1_ws/build/my_stepper_pkg/install.log --single-version-externally-managed install_data
[0.426s] running egg_info
[0.426s] writing ../../build/my_stepper_pkg/my_stepper_pkg.egg-info/PKG-INFO
[0.426s] writing dependency_links to ../../build/my_stepper_pkg/my_stepper_pkg.egg-info/dependency_links.txt
[0.426s] writing entry points to ../../build/my_stepper_pkg/my_stepper_pkg.egg-info/entry_points.txt
[0.426s] writing requirements to ../../build/my_stepper_pkg/my_stepper_pkg.egg-info/requires.txt
[0.426s] writing top-level names to ../../build/my_stepper_pkg/my_stepper_pkg.egg-info/top_level.txt
[0.427s] reading manifest file '../../build/my_stepper_pkg/my_stepper_pkg.egg-info/SOURCES.txt'
[0.428s] writing manifest file '../../build/my_stepper_pkg/my_stepper_pkg.egg-info/SOURCES.txt'
[0.428s] running build
[0.428s] running build_py
[0.428s] running install
[0.428s] running install_lib
[0.429s] running install_data
[0.429s] running install_egg_info
[0.430s] removing '/home/han/intel_robot_1_ws/install/my_stepper_pkg/lib/python3.10/site-packages/my_stepper_pkg-0.0.0-py3.10.egg-info' (and everything under it)
[0.431s] Copying ../../build/my_stepper_pkg/my_stepper_pkg.egg-info to /home/han/intel_robot_1_ws/install/my_stepper_pkg/lib/python3.10/site-packages/my_stepper_pkg-0.0.0-py3.10.egg-info
[0.431s] running install_scripts
[0.443s] Installing stepper_bridge script to /home/han/intel_robot_1_ws/install/my_stepper_pkg/lib/my_stepper_pkg
[0.444s] writing list of installed files to '/home/han/intel_robot_1_ws/build/my_stepper_pkg/install.log'
[0.470s] Invoked command in '/home/han/intel_robot_1_ws/src/my_stepper_pkg' returned '0': PYTHONPATH=/home/han/intel_robot_1_ws/build/my_stepper_pkg/prefix_override:/usr/lib/python3/dist-packages/colcon_core/task/python/colcon_distutils_commands:/home/han/intel_robot_1_ws/install/my_stepper_pkg/lib/python3.10/site-packages: /usr/bin/python3 -W ignore:setup.py install is deprecated -W ignore:easy_install command is deprecated setup.py egg_info --egg-base ../../build/my_stepper_pkg build --build-base /home/han/intel_robot_1_ws/build/my_stepper_pkg/build install --record /home/han/intel_robot_1_ws/build/my_stepper_pkg/install.log --single-version-externally-managed install_data
