running egg_info
writing ../../build/my_stepper_pkg/my_stepper_pkg.egg-info/PKG-INFO
writing dependency_links to ../../build/my_stepper_pkg/my_stepper_pkg.egg-info/dependency_links.txt
writing entry points to ../../build/my_stepper_pkg/my_stepper_pkg.egg-info/entry_points.txt
writing requirements to ../../build/my_stepper_pkg/my_stepper_pkg.egg-info/requires.txt
writing top-level names to ../../build/my_stepper_pkg/my_stepper_pkg.egg-info/top_level.txt
reading manifest file '../../build/my_stepper_pkg/my_stepper_pkg.egg-info/SOURCES.txt'
writing manifest file '../../build/my_stepper_pkg/my_stepper_pkg.egg-info/SOURCES.txt'
running build
running build_py
copying my_stepper_pkg/stepper_bridge.py -> /home/han/intel_robot_1_ws/build/my_stepper_pkg/build/lib/my_stepper_pkg
running install
running install_lib
copying /home/han/intel_robot_1_ws/build/my_stepper_pkg/build/lib/my_stepper_pkg/stepper_bridge.py -> /home/han/intel_robot_1_ws/install/my_stepper_pkg/lib/python3.10/site-packages/my_stepper_pkg
byte-compiling /home/han/intel_robot_1_ws/install/my_stepper_pkg/lib/python3.10/site-packages/my_stepper_pkg/stepper_bridge.py to stepper_bridge.cpython-310.pyc
running install_data
copying package.xml -> /home/han/intel_robot_1_ws/install/my_stepper_pkg/share/my_stepper_pkg
running install_egg_info
removing '/home/han/intel_robot_1_ws/install/my_stepper_pkg/lib/python3.10/site-packages/my_stepper_pkg-0.0.0-py3.10.egg-info' (and everything under it)
Copying ../../build/my_stepper_pkg/my_stepper_pkg.egg-info to /home/han/intel_robot_1_ws/install/my_stepper_pkg/lib/python3.10/site-packages/my_stepper_pkg-0.0.0-py3.10.egg-info
running install_scripts
Installing stepper_bridge script to /home/han/intel_robot_1_ws/install/my_stepper_pkg/lib/my_stepper_pkg
writing list of installed files to '/home/han/intel_robot_1_ws/build/my_stepper_pkg/install.log'
