[0.315s] Invoking command in '/home/han/intel_robot_1_ws/src/my_stepper_pkg': PYTHONPATH=/home/han/intel_robot_1_ws/build/my_stepper_pkg/prefix_override:/usr/lib/python3/dist-packages/colcon_core/task/python/colcon_distutils_commands:/home/han/intel_robot_1_ws/install/my_stepper_pkg/lib/python3.10/site-packages:${PYTHONPATH} /usr/bin/python3 -W ignore:setup.py install is deprecated -W ignore:easy_install command is deprecated setup.py egg_info --egg-base ../../build/my_stepper_pkg build --build-base /home/han/intel_robot_1_ws/build/my_stepper_pkg/build install --record /home/han/intel_robot_1_ws/build/my_stepper_pkg/install.log --single-version-externally-managed install_data
[0.430s] running egg_info
[0.430s] writing ../../build/my_stepper_pkg/my_stepper_pkg.egg-info/PKG-INFO
[0.431s] writing dependency_links to ../../build/my_stepper_pkg/my_stepper_pkg.egg-info/dependency_links.txt
[0.431s] writing entry points to ../../build/my_stepper_pkg/my_stepper_pkg.egg-info/entry_points.txt
[0.431s] writing requirements to ../../build/my_stepper_pkg/my_stepper_pkg.egg-info/requires.txt
[0.431s] writing top-level names to ../../build/my_stepper_pkg/my_stepper_pkg.egg-info/top_level.txt
[0.432s] reading manifest file '../../build/my_stepper_pkg/my_stepper_pkg.egg-info/SOURCES.txt'
[0.440s] writing manifest file '../../build/my_stepper_pkg/my_stepper_pkg.egg-info/SOURCES.txt'
[0.441s] running build
[0.441s] running build_py
[0.441s] copying my_stepper_pkg/stepper_bridge.py -> /home/han/intel_robot_1_ws/build/my_stepper_pkg/build/lib/my_stepper_pkg
[0.441s] running install
[0.441s] running install_lib
[0.441s] copying /home/han/intel_robot_1_ws/build/my_stepper_pkg/build/lib/my_stepper_pkg/stepper_bridge.py -> /home/han/intel_robot_1_ws/install/my_stepper_pkg/lib/python3.10/site-packages/my_stepper_pkg
[0.442s] byte-compiling /home/han/intel_robot_1_ws/install/my_stepper_pkg/lib/python3.10/site-packages/my_stepper_pkg/stepper_bridge.py to stepper_bridge.cpython-310.pyc
[0.442s] running install_data
[0.442s] running install_egg_info
[0.443s] removing '/home/han/intel_robot_1_ws/install/my_stepper_pkg/lib/python3.10/site-packages/my_stepper_pkg-0.0.0-py3.10.egg-info' (and everything under it)
[0.444s] Copying ../../build/my_stepper_pkg/my_stepper_pkg.egg-info to /home/han/intel_robot_1_ws/install/my_stepper_pkg/lib/python3.10/site-packages/my_stepper_pkg-0.0.0-py3.10.egg-info
[0.444s] running install_scripts
[0.457s] Installing stepper_bridge script to /home/han/intel_robot_1_ws/install/my_stepper_pkg/lib/my_stepper_pkg
[0.457s] writing list of installed files to '/home/han/intel_robot_1_ws/build/my_stepper_pkg/install.log'
[0.471s] Invoked command in '/home/han/intel_robot_1_ws/src/my_stepper_pkg' returned '0': PYTHONPATH=/home/han/intel_robot_1_ws/build/my_stepper_pkg/prefix_override:/usr/lib/python3/dist-packages/colcon_core/task/python/colcon_distutils_commands:/home/han/intel_robot_1_ws/install/my_stepper_pkg/lib/python3.10/site-packages:${PYTHONPATH} /usr/bin/python3 -W ignore:setup.py install is deprecated -W ignore:easy_install command is deprecated setup.py egg_info --egg-base ../../build/my_stepper_pkg build --build-base /home/han/intel_robot_1_ws/build/my_stepper_pkg/build install --record /home/han/intel_robot_1_ws/build/my_stepper_pkg/install.log --single-version-externally-managed install_data
